<?xml version="1.0" encoding="UTF-8"?>
<!-- Generated by org.testng.reporters.JUnitXMLReporter -->
<testsuite ignored="4" hostname="LAPTOP-65CEBPK8" failures="0" tests="1" name="Default test" time="60.704" errors="0" timestamp="2022-04-26T14:47:57 IST">
  <testcase classname="com.homein.testcases.HomePageTest" name="addPropertyTest" time="51.142"/>
  <testcase classname="com.homein.testcases.HomePageTest" name="verifyLogoffMenuTest" time="0.0">
    <ignored/>
  </testcase> <!-- verifyLogoffMenuTest -->
  <testcase classname="com.homein.testcases.HomePageTest" name="verifyProfileMenuTest" time="0.0">
    <ignored/>
  </testcase> <!-- verifyProfileMenuTest -->
  <testcase classname="com.homein.testcases.HomePageTest" name="verifyGuidenceMenuTest" time="0.0">
    <ignored/>
  </testcase> <!-- verifyGuidenceMenuTest -->
  <testcase classname="com.homein.testcases.HomePageTest" name="verifyHomeMenuTest" time="0.0">
    <ignored/>
  </testcase> <!-- verifyHomeMenuTest -->
</testsuite> <!-- Default test -->
