<?xml version="1.0" encoding="UTF-8"?>
<testng-results ignored="4" total="5" passed="1" failed="0" skipped="0">
  <reporter-output>
  </reporter-output>
  <suite started-at="2022-04-26T14:46:57 IST" name="Default suite" finished-at="2022-04-26T14:47:57 IST" duration-ms="60704">
    <groups>
    </groups>
    <test started-at="2022-04-26T14:46:57 IST" name="Default test" finished-at="2022-04-26T14:47:57 IST" duration-ms="60704">
      <class name="com.homein.testcases.HomePageTest">
        <test-method is-config="true" signature="setup()[pri:0, instance:com.homein.testcases.HomePageTest@429bffaa]" started-at="2022-04-26T14:46:57 IST" name="setup" finished-at="2022-04-26T14:47:06 IST" duration-ms="9526" status="PASS">
          <reporter-output>
          </reporter-output>
        </test-method> <!-- setup -->
        <test-method signature="addPropertyTest()[pri:5, instance:com.homein.testcases.HomePageTest@429bffaa]" started-at="2022-04-26T14:47:06 IST" name="addPropertyTest" finished-at="2022-04-26T14:47:57 IST" duration-ms="51142" status="PASS">
          <reporter-output>
          </reporter-output>
        </test-method> <!-- addPropertyTest -->
        <test-method is-config="true" signature="close()[pri:0, instance:com.homein.testcases.HomePageTest@429bffaa]" started-at="2022-04-26T14:47:57 IST" name="close" finished-at="2022-04-26T14:47:57 IST" duration-ms="0" status="PASS">
          <reporter-output>
          </reporter-output>
        </test-method> <!-- close -->
      </class> <!-- com.homein.testcases.HomePageTest -->
    </test> <!-- Default test -->
  </suite> <!-- Default suite -->
</testng-results>
